<?xml version="1.0" encoding="UTF-8"?>
<testsuite xmlns:xsi="http://www.w3.org/2001/XMLSchema-instance" xsi:noNamespaceSchemaLocation="https://maven.apache.org/surefire/maven-surefire-plugin/xsd/surefire-test-report.xsd" version="3.0.1" name="TestSuite" time="79.071" tests="32" errors="0" skipped="0" failures="0">
  <properties>
[...]
</properties>
  <testcase name="addProdFromDetailsPage[{--dataIndex=6, password=secret_sauce, product=Sauce Labs Bolt T-Shirt, --comment--=product details validation from product details page , username=standard_user}](1)" classname="saucelabs.testcomponents.ProductsTest" time="0.714">
    <system-err><![CDATA[SLF4J: Failed to load class "org.slf4j.impl.StaticLoggerBinder".
SLF4J: Defaulting to no-operation (NOP) logger implementation
SLF4J: See http://www.slf4j.org/codes.html#StaticLoggerBinder for further details.
]]></system-err>
  </testcase>
  <testcase name="addToCartProductErrorUser[{--dataIndex=9, password=secret_sauce, --comment--=&quot;error_user&quot; is able to add any one of the below mentioned products, username=error_user, products=[Sauce Labs Bolt T-Shirt, Sauce Labs Fleece Jacket, Test.allTheThings() T-Shirt (Red)]}](1)" classname="saucelabs.testcomponents.ProductsTest" time="0.74"/>
  <testcase name="alphaSortZtoA[{thanksText=Thank you for your order!, firstName=fname, lastName=lname, --dataIndex=4, password=secret_sauce, postalCode=78R45R, sortBy=Name (Z to A), --comment--=sort alphabetically from highest to lowest, username=standard_user}](1)" classname="saucelabs.testcomponents.ProductsTest" time="0.996"/>
  <testcase name="alphaSortedAtoZ[{thanksText=Thank you for your order!, firstName=fname, lastName=lname, --dataIndex=5, password=secret_sauce, postalCode=78R45R, sortBy=Name (A to Z), --comment--=sort alphabetically from lowest to highest, username=standard_user}](1)" classname="saucelabs.testcomponents.ProductsTest" time="0.98"/>
  <testcase name="imageOfProblemUser[{--dataIndex=11, password=secret_sauce, productImages=[/static/media/sauce-backpack-1200x1500.0a0b85a3.jpg, /static/media/bike-light-1200x1500.37c843b0.jpg, /static/media/bolt-shirt-1200x1500.c2599ac5.jpg, /static/media/sauce-pullover-1200x1500.51d7ffaf.jpg, /static/media/red-onesie-1200x1500.2ec615b2.jpg, /static/media/red-tatt-1200x1500.30dadef4.jpg], errorProductImage=/static/media/sl-404.168b1cce.jpg, --comment--=wrong  product image is displayed for &quot;problem_user&quot;, username=problem_user, products=[Sauce Labs Backpack, Sauce Labs Bike Light, Sauce Labs Bolt T-Shirt, Sauce Labs Fleece Jacket, Sauce Labs Onesie, Test.allTheThings() T-Shirt (Red)]}](1)" classname="saucelabs.testcomponents.ProductsTest" time="2.204"/>
  <testcase name="orderASingleProduct[{product_desc=[carry.allTheThings() with the sleek, streamlined Sly Pack that melds uncompromising style with unequaled laptop and tablet protection., A red light isn&apos;t the desired state in testing but it sure helps when riding your bike at night. Water-resistant with 3 lighting modes, 1 AAA battery included.], thanksText=Thank you for your order!, firstName=fname, lastName=lname, --dataIndex=1, password=secret_sauce, postalCode=78R45R, --comment--=Data for ordering single products, username=standard_user, products=[Sauce Labs Backpack]}](1)" classname="saucelabs.testcomponents.ProductsTest" time="0.841"/>
  <testcase name="orderCheapestProduct[{thanksText=Thank you for your order!, firstName=fname, lastName=lname, --dataIndex=3, password=secret_sauce, postalCode=78R45R, sortBy=Price (low to high), --comment--=sort from lowest to highest, username=standard_user}](1)" classname="saucelabs.testcomponents.ProductsTest" time="0.945"/>
  <testcase name="orderCostliestProduct[{thanksText=Thank you for your order!, firstName=fname, lastName=lname, --dataIndex=2, password=secret_sauce, postalCode=78R45R, sortBy=Price (high to low), --comment--=sort from highest to lowest, username=standard_user}](1)" classname="saucelabs.testcomponents.ProductsTest" time="0.91"/>
  <testcase name="orderMultipleProduct[{thanksText=Thank you for your order!, firstName=fname, lastName=lname, --dataIndex=0, password=secret_sauce, postalCode=78R45R, --comment--=Data for ordering multiple products, username=standard_user, products=[Sauce Labs Backpack, Sauce Labs Fleece Jacket]}](1)" classname="saucelabs.testcomponents.ProductsTest" time="1.015"/>
  <testcase name="productDetailsVerification[{productDesc=It&apos;s not every day that you come across a midweight quarter-zip fleece jacket capable of handling everything from a relaxing day outdoors to a busy day at the office., --dataIndex=7, password=secret_sauce, product=Sauce Labs Fleece Jacket, productPrice=$49.99, --comment--=product details verification in products page, username=standard_user}](1)" classname="saucelabs.testcomponents.ProductsTest" time="0.516"/>
  <testcase name="removeProductErrorUser[{--dataIndex=8, password=secret_sauce, product=Sauce Labs Backpack, --comment--=&quot;error_user&quot; is able to remove a product, username=error_user}](1)" classname="saucelabs.testcomponents.ProductsTest" time="0.348"/>
  <testcase name="sortingForErrorUser[{--dataIndex=10, password=secret_sauce, sortBy=Price (high to low), alertText=Sorting is broken! This error has been reported to Backtrace., --comment--=sorting is working for &quot;error_user&quot;, username=error_user}](1)" classname="saucelabs.testcomponents.ProductsTest" time="0.324"/>
  <testcase name="visualUserProductsPage[{firstName=fname, lastName=lname, shoppingCartAttributes=[40px, 40px, absolute, 10px, 20px], --dataIndex=12, password=secret_sauce, product=Sauce Labs Backpack, productImage=/static/media/sauce-backpack-1200x1500.0a0b85a3.jpg, postalCode=78R45R, --comment--= &quot;Products&quot; page for &quot;visual_user&quot;, username=visual_user}](1)" classname="saucelabs.testcomponents.ProductsTest" time="0.408">
    <system-out><![CDATA[Transform Value: matrix(0.99863, 0.052336, -0.052336, 0.99863, 0, 0)
]]></system-out>
  </testcase>
  <testcase name="performanceGlitchUser[{thanksText=Thank you for your order!, firstName=fname, lastName=lname, --dataIndex=3, password=secret_sauce, product=Sauce Labs Backpack, orderDispatchMessage=Your order has been dispatched, and will arrive just as fast as the pony can get there!, postalCode=78R45R, --comment--=navigate to &quot;Your Cart&quot; page from &quot;Checkout : Overview &quot; page, username=performance_glitch_user}](1)" classname="saucelabs.testcomponents.CheckoutCompleteTest" time="10.71"/>
  <testcase name="verifyThankYouMessage[{thanksText=Thank you for your order!, firstName=fname, lastName=lname, --dataIndex=3, password=secret_sauce, product=Sauce Labs Backpack, orderDispatchMessage=Your order has been dispatched, and will arrive just as fast as the pony can get there!, postalCode=78R45R, --comment--=navigate to &quot;Your Cart&quot; page from &quot;Checkout : Overview &quot; page, username=standard_user}](1)" classname="saucelabs.testcomponents.CheckoutCompleteTest" time="0.71"/>
  <testcase name="cancelOrderProcess[{firstName=fname, lastName=lname, --dataIndex=1, password=secret_sauce, product=Sauce Labs Backpack, postalCode=78R45R, --comment--=cancel the order in &quot;Checkout : Overview&quot; page, username=standard_user}](1)" classname="saucelabs.testcomponents.CheckoutOverviewTest" time="0.65"/>
  <testcase name="finishBtnErrorUser[{firstName=fname, lastName=lname, --dataIndex=4, password=secret_sauce, product=Sauce Labs Backpack, postalCode=78R45R, --comment--=error_user is able to click Finish button , username=error_user}](1)" classname="saucelabs.testcomponents.CheckoutOverviewTest" time="0.612"/>
  <testcase name="navigateToYourCartPage[{firstName=fname, lastName=lname, --dataIndex=3, password=secret_sauce, product=Sauce Labs Backpack, postalCode=78R45R, --comment--=navigate to &quot;Your Cart&quot; page from &quot;Checkout : Overview &quot; page, username=standard_user}](1)" classname="saucelabs.testcomponents.CheckoutOverviewTest" time="0.65"/>
  <testcase name="valueComputeAndVerify[{firstName=fname, lastName=lname, --dataIndex=2, password=secret_sauce, product=Sauce Labs Backpack, postalCode=78R45R, --comment--=total value of items in cart is computed correctly in &quot;Checkout : Overview &quot; page, username=standard_user}](1)" classname="saucelabs.testcomponents.CheckoutOverviewTest" time="0.648"/>
  <testcase name="verifyInfoInCheckoutOverviewPage[{firstName=fname, lastName=lname, --dataIndex=0, password=secret_sauce, product=Sauce Labs Backpack, postalCode=78R45R, shippingInfo=Free Pony Express Delivery!, paymentInfo=SauceCard #31337, --comment--=information is displayed properly in &quot;Checkout : Overview&quot; page, username=standard_user}](1)" classname="saucelabs.testcomponents.CheckoutOverviewTest" time="0.661"/>
  <testcase name="lockedOutUserTest[{loginErrorMessage=Epic sadface: Sorry, this user has been locked out., --dataIndex=2, password=secret_sauce, --comment--=locked out user is able to login to the SUT, username=locked_out_user}](1)" classname="saucelabs.testcomponents.LoginTest" time="0.21"/>
  <testcase name="wrongPassword[{loginErrorMessage=Epic sadface: Username and password do not match any user in this service, --dataIndex=1, password=random1234, --comment--=login with wrong password, username=standard_user}](1)" classname="saucelabs.testcomponents.LoginTest" time="0.22"/>
  <testcase name="wrongUserName[{loginErrorMessage=Epic sadface: Username and password do not match any user in this service, --dataIndex=0, password=secret_sauce, --comment--=login with wrong username, username=random1}](1)" classname="saucelabs.testcomponents.LoginTest" time="0.208"/>
  <testcase name="cartBadgeCount[{--dataIndex=2, password=secret_sauce, --comment--=badge count is equalent to number of items in cart, username=standard_user, products=[Sauce Labs Backpack, Sauce Labs Fleece Jacket, Sauce Labs Bike Light, Sauce Labs Bolt T-Shirt, Sauce Labs Onesie]}](1)" classname="saucelabs.testcomponents.YourCartTest" time="0.851"/>
  <testcase name="editItemsFromProductsPage[{--dataIndex=0, password=secret_sauce, productsAfterRemoval=[Sauce Labs Fleece Jacket], productToBeRemoved=Sauce Labs Backpack, --comment--=edit the cart items from products page, username=standard_user, products=[Sauce Labs Backpack, Sauce Labs Fleece Jacket]}](1)" classname="saucelabs.testcomponents.YourCartTest" time="0.588"/>
  <testcase name="editItemsInYourCartPage[{--dataIndex=4, password=secret_sauce, cartItemToBeRemoved=Sauce Labs Bike Light, --comment--=edit the cart items in Your Cart Page, username=standard_user, products=[Sauce Labs Backpack, Sauce Labs Fleece Jacket, Sauce Labs Bike Light, Sauce Labs Bolt T-Shirt, Sauce Labs Onesie]}](1)" classname="saucelabs.testcomponents.YourCartTest" time="0.844"/>
  <testcase name="removeAllItemsFromProductsPage[{--dataIndex=1, password=secret_sauce, product=Sauce Labs Onesie, productToBeRemoved=Sauce Labs Onesie, --comment--=removing all cart items from the products page, username=standard_user}](1)" classname="saucelabs.testcomponents.YourCartTest" time="0.576"/>
  <testcase name="verifyItemsInCartAfterReLogin[{--dataIndex=3, password=secret_sauce, --comment--= products in cart are retained when the user logs out and re-login, username=standard_user, products=[Sauce Labs Backpack, Sauce Labs Fleece Jacket, Sauce Labs Bike Light, Sauce Labs Bolt T-Shirt, Sauce Labs Onesie]}](1)" classname="saucelabs.testcomponents.YourCartTest" time="1.963"/>
  <testcase name="cancelProcessFromYourInformationPage[{firstName=fname, lastName=lname, --dataIndex=1, password=secret_sauce, postalCode=78R45R, --comment--= cancel the order in &quot;Your Information&quot; page, username=standard_user, products=[Sauce Labs Backpack, Sauce Labs Fleece Jacket]}](1)" classname="saucelabs.testcomponents.YourInformationTest" time="0.684"/>
  <testcase name="enterInfoInYourInfoPage[{firstName=fname, lastName=lname, --dataIndex=0, password=secret_sauce, postalCode=78R45R, --comment--=personal information in the &quot;Your Information&quot; page, username=standard_user, products=[Sauce Labs Backpack, Sauce Labs Fleece Jacket]}](1)" classname="saucelabs.testcomponents.YourInformationTest" time="0.667"/>
  <testcase name="enterLastNameErrorUser[{firstName=fname, lastName=lname, --dataIndex=3, password=secret_sauce, product=Sauce Labs Backpack, postalCode=78R45R, --comment--=error_user is able to provide last name, username=error_user}](1)" classname="saucelabs.testcomponents.YourInformationTest" time="0.547"/>
  <testcase name="navigateToCartPageFromInfoPage[{--dataIndex=2, password=secret_sauce, --comment--=navigate to &quot;Your Cart&quot; page from &quot;Your Information&quot; Page, username=standard_user, products=[Sauce Labs Backpack, Sauce Labs Fleece Jacket]}](1)" classname="saucelabs.testcomponents.YourInformationTest" time="0.509"/>
</testsuite>