<?xml version="1.0" encoding="UTF-8"?>
<!-- Generated by org.testng.reporters.JUnitXMLReporter -->
<testsuite ignored="0" hostname="PREETHI" failures="0" tests="7" name="ProductsTest" time="23.206" errors="0" timestamp="2024-07-22T19:17:46 IST">
  <testcase classname="saucelabs.testcomponents.ProductsTest" name="addProdFromDetailsPage" time="0.747"/>
  <testcase classname="saucelabs.testcomponents.ProductsTest" name="alphaSortZtoA" time="1.089"/>
  <testcase classname="saucelabs.testcomponents.ProductsTest" name="alphaSortedAtoZ" time="0.95"/>
  <testcase classname="saucelabs.testcomponents.ProductsTest" name="orderASingleProduct" time="0.845"/>
  <testcase classname="saucelabs.testcomponents.ProductsTest" name="orderCheapestProduct" time="0.927"/>
  <testcase classname="saucelabs.testcomponents.ProductsTest" name="orderCostliestProduct" time="0.911"/>
  <testcase classname="saucelabs.testcomponents.ProductsTest" name="orderMultipleProduct" time="0.958"/>
</testsuite> <!-- ProductsTest -->
