<?xml version="1.0" encoding="UTF-8"?>
<!-- Generated by org.testng.reporters.JUnitXMLReporter -->
<testsuite ignored="0" hostname="PREETHI" failures="0" tests="32" name="ProductsTest" time="77.746" errors="0" timestamp="2024-08-20T10:14:03 IST">
  <testcase classname="saucelabs.testcomponents.ProductsTest" name="addProdFromDetailsPage" time="0.711"/>
  <testcase classname="saucelabs.testcomponents.ProductsTest" name="addToCartProductErrorUser" time="0.74"/>
  <testcase classname="saucelabs.testcomponents.ProductsTest" name="alphaSortZtoA" time="0.995"/>
  <testcase classname="saucelabs.testcomponents.ProductsTest" name="alphaSortedAtoZ" time="0.979"/>
  <testcase classname="saucelabs.testcomponents.ProductsTest" name="imageOfProblemUser" time="2.203"/>
  <testcase classname="saucelabs.testcomponents.ProductsTest" name="orderASingleProduct" time="0.841"/>
  <testcase classname="saucelabs.testcomponents.ProductsTest" name="orderCheapestProduct" time="0.946"/>
  <testcase classname="saucelabs.testcomponents.ProductsTest" name="orderCostliestProduct" time="0.91"/>
  <testcase classname="saucelabs.testcomponents.ProductsTest" name="orderMultipleProduct" time="1.014"/>
  <testcase classname="saucelabs.testcomponents.ProductsTest" name="productDetailsVerification" time="0.516"/>
  <testcase classname="saucelabs.testcomponents.ProductsTest" name="removeProductErrorUser" time="0.347"/>
  <testcase classname="saucelabs.testcomponents.ProductsTest" name="sortingForErrorUser" time="0.324"/>
  <testcase classname="saucelabs.testcomponents.ProductsTest" name="visualUserProductsPage" time="0.407"/>
  <testcase classname="saucelabs.testcomponents.CheckoutCompleteTest" name="performanceGlitchUser" time="10.709"/>
  <testcase classname="saucelabs.testcomponents.CheckoutCompleteTest" name="verifyThankYouMessage" time="0.71"/>
  <testcase classname="saucelabs.testcomponents.CheckoutOverviewTest" name="cancelOrderProcess" time="0.65"/>
  <testcase classname="saucelabs.testcomponents.CheckoutOverviewTest" name="finishBtnErrorUser" time="0.611"/>
  <testcase classname="saucelabs.testcomponents.CheckoutOverviewTest" name="navigateToYourCartPage" time="0.649"/>
  <testcase classname="saucelabs.testcomponents.CheckoutOverviewTest" name="valueComputeAndVerify" time="0.648"/>
  <testcase classname="saucelabs.testcomponents.CheckoutOverviewTest" name="verifyInfoInCheckoutOverviewPage" time="0.661"/>
  <testcase classname="saucelabs.testcomponents.LoginTest" name="lockedOutUserTest" time="0.211"/>
  <testcase classname="saucelabs.testcomponents.LoginTest" name="wrongPassword" time="0.221"/>
  <testcase classname="saucelabs.testcomponents.LoginTest" name="wrongUserName" time="0.209"/>
  <testcase classname="saucelabs.testcomponents.YourCartTest" name="cartBadgeCount" time="0.851"/>
  <testcase classname="saucelabs.testcomponents.YourCartTest" name="editItemsFromProductsPage" time="0.588"/>
  <testcase classname="saucelabs.testcomponents.YourCartTest" name="editItemsInYourCartPage" time="0.844"/>
  <testcase classname="saucelabs.testcomponents.YourCartTest" name="removeAllItemsFromProductsPage" time="0.576"/>
  <testcase classname="saucelabs.testcomponents.YourCartTest" name="verifyItemsInCartAfterReLogin" time="1.964"/>
  <testcase classname="saucelabs.testcomponents.YourInformationTest" name="cancelProcessFromYourInformationPage" time="0.684"/>
  <testcase classname="saucelabs.testcomponents.YourInformationTest" name="enterInfoInYourInfoPage" time="0.667"/>
  <testcase classname="saucelabs.testcomponents.YourInformationTest" name="enterLastNameErrorUser" time="0.547"/>
  <testcase classname="saucelabs.testcomponents.YourInformationTest" name="navigateToCartPageFromInfoPage" time="0.509"/>
</testsuite> <!-- ProductsTest -->
